C:\USERS\VM-WIN7X64\DESKTOP\MFC-TEST\REGDATA\REGDATA\DEBUG\REGDATA.PCH
C:\USERS\VM-WIN7X64\DESKTOP\MFC-TEST\REGDATA\REGDATA\DEBUG\STDAFX.OBJ
C:\USERS\VM-WIN7X64\DESKTOP\MFC-TEST\REGDATA\REGDATA\DEBUG\VC110.PDB
C:\USERS\VM-WIN7X64\DESKTOP\MFC-TEST\REGDATA\REGDATA\DEBUG\REGDATA.OBJ
C:\USERS\VM-WIN7X64\DESKTOP\MFC-TEST\REGDATA\REGDATA\DEBUG\REGDATADLG.OBJ
C:\USERS\VM-WIN7X64\DESKTOP\MFC-TEST\REGDATA\DEBUG\REGDATA.ILK
C:\USERS\VM-WIN7X64\DESKTOP\MFC-TEST\REGDATA\DEBUG\REGDATA.EXE
C:\USERS\VM-WIN7X64\DESKTOP\MFC-TEST\REGDATA\DEBUG\REGDATA.PDB
C:\USERS\VM-WIN7X64\DESKTOP\MFC-TEST\REGDATA\REGDATA\DEBUG\REGDATA.RES
C:\Users\vm-win7x64\Desktop\MFC-TEST\RegData\RegData\Debug\RegData.obj
C:\Users\vm-win7x64\Desktop\MFC-TEST\RegData\RegData\Debug\RegDataDlg.obj
C:\Users\vm-win7x64\Desktop\MFC-TEST\RegData\RegData\Debug\stdafx.obj
C:\Users\vm-win7x64\Desktop\MFC-TEST\RegData\RegData\Debug\cl.command.1.tlog
C:\Users\vm-win7x64\Desktop\MFC-TEST\RegData\RegData\Debug\CL.read.1.tlog
C:\Users\vm-win7x64\Desktop\MFC-TEST\RegData\RegData\Debug\CL.write.1.tlog
C:\Users\vm-win7x64\Desktop\MFC-TEST\RegData\RegData\Debug\link-cvtres.read.1.tlog
C:\Users\vm-win7x64\Desktop\MFC-TEST\RegData\RegData\Debug\link-cvtres.write.1.tlog
C:\Users\vm-win7x64\Desktop\MFC-TEST\RegData\RegData\Debug\link-mt.read.1.tlog
C:\Users\vm-win7x64\Desktop\MFC-TEST\RegData\RegData\Debug\link-mt.write.1.tlog
C:\Users\vm-win7x64\Desktop\MFC-TEST\RegData\RegData\Debug\link-rc.read.1.tlog
C:\Users\vm-win7x64\Desktop\MFC-TEST\RegData\RegData\Debug\link-rc.write.1.tlog
C:\Users\vm-win7x64\Desktop\MFC-TEST\RegData\RegData\Debug\link.command.1.tlog
C:\Users\vm-win7x64\Desktop\MFC-TEST\RegData\RegData\Debug\link.read.1.tlog
C:\Users\vm-win7x64\Desktop\MFC-TEST\RegData\RegData\Debug\link.write.1.tlog
C:\Users\vm-win7x64\Desktop\MFC-TEST\RegData\RegData\Debug\rc.command.1.tlog
C:\Users\vm-win7x64\Desktop\MFC-TEST\RegData\RegData\Debug\rc.read.1.tlog
C:\Users\vm-win7x64\Desktop\MFC-TEST\RegData\RegData\Debug\rc.write.1.tlog
C:\Users\vm-win7x64\Desktop\MFC-TEST\RegData\RegData\Debug\RegData.res
C:\Users\vm-win7x64\Desktop\MFC-TEST\RegData\RegData\Debug\RegData.pch
C:\Users\vm-win7x64\Desktop\MFC-TEST\RegData\RegData\Debug\vc110.idb
C:\Users\vm-win7x64\Desktop\MFC-TEST\RegData\RegData\Debug\vc110.pdb
C:\Users\vm-win7x64\Desktop\MFC-TEST\RegData\Debug\RegData.pdb
C:\Users\vm-win7x64\Desktop\MFC-TEST\RegData\Debug\RegData.exe
C:\Users\vm-win7x64\Desktop\MFC-TEST\RegData\Debug\RegData.ilk
