Build started 2017/9/20 19:14:01.
Project "C:\Users\vm-win7x64\Desktop\MFC-TEST\RegData\RegData\RegData.vcxproj" on node 2 (Rebuild target(s)).
ClCompile:
  C:\Program Files (x86)\Microsoft Visual Studio 11.0\VC\bin\CL.exe /c /ZI /nologo /W3 /WX- /Od /Oy- /D WIN32 /D _WINDOWS /D _DEBUG /D _UNICODE /D UNICODE /D _AFXDLL /Gm /EHsc /RTC1 /MDd /GS /fp:precise /Zc:wchar_t /Zc:forScope /Yc"stdafx.h" /Fp"Debug\RegData.pch" /Fo"Debug\\" /Fd"Debug\vc110.pdb" /Gd /TP /analyze- /errorReport:prompt stdafx.cpp
  stdafx.cpp
  C:\Program Files (x86)\Microsoft Visual Studio 11.0\VC\bin\CL.exe /c /ZI /nologo /W3 /WX- /Od /Oy- /D WIN32 /D _WINDOWS /D _DEBUG /D _UNICODE /D UNICODE /D _AFXDLL /Gm /EHsc /RTC1 /MDd /GS /fp:precise /Zc:wchar_t /Zc:forScope /Yu"stdafx.h" /Fp"Debug\RegData.pch" /Fo"Debug\\" /Fd"Debug\vc110.pdb" /Gd /TP /analyze- /errorReport:prompt RegData.cpp RegDataDlg.cpp
  RegDataDlg.cpp
  RegData.cpp
  Generating Code...
ResourceCompile:
  C:\Program Files (x86)\Windows Kits\8.0\bin\x86\rc.exe /D _DEBUG /D _UNICODE /D UNICODE /D _AFXDLL /l"0x0409" /IDebug\ /nologo /fo"Debug\RegData.res" RegData.rc 
Link:
  C:\Program Files (x86)\Microsoft Visual Studio 11.0\VC\bin\link.exe /ERRORREPORT:PROMPT /OUT:"C:\Users\vm-win7x64\Desktop\MFC-TEST\RegData\Debug\RegData.exe" /INCREMENTAL /NOLOGO /MANIFEST /MANIFESTUAC:"level='asInvoker' uiAccess='false'" /manifest:embed /manifestinput:"C:\Program Files (x86)\Microsoft Visual Studio 11.0\VC\Include\Manifest\dpiaware.manifest" /DEBUG /PDB:"C:\Users\vm-win7x64\Desktop\MFC-TEST\RegData\Debug\RegData.pdb" /SUBSYSTEM:WINDOWS /TLBID:1 /ENTRY:"wWinMainCRTStartup" /DYNAMICBASE /NXCOMPAT /IMPLIB:"C:\Users\vm-win7x64\Desktop\MFC-TEST\RegData\Debug\RegData.lib" /MACHINE:X86 Debug\RegData.res
  Debug\RegData.obj
  Debug\RegDataDlg.obj
  Debug\stdafx.obj
  RegData.vcxproj -> C:\Users\vm-win7x64\Desktop\MFC-TEST\RegData\Debug\RegData.exe
Done Building Project "C:\Users\vm-win7x64\Desktop\MFC-TEST\RegData\RegData\RegData.vcxproj" (Rebuild target(s)).

Build succeeded.

Time Elapsed 00:00:08.71
